Analysis & Synthesis report for F1_challenge
Wed Dec 15 19:05:34 2021
Quartus Prime Version 18.0.0 Build 614 04/24/2018 SJ Lite Edition


---------------------
; Table of Contents ;
---------------------
  1. Legal Notice
  2. Analysis & Synthesis Summary
  3. Analysis & Synthesis Settings
  4. Parallel Compilation
  5. Analysis & Synthesis Source Files Read
  6. Analysis & Synthesis Resource Usage Summary
  7. Analysis & Synthesis Resource Utilization by Entity
  8. User-Specified and Inferred Latches
  9. Registers Removed During Synthesis
 10. Removed Registers Triggering Further Register Optimizations
 11. General Register Statistics
 12. Inverted Register Statistics
 13. Multiplexer Restructuring Statistics (Restructuring Performed)
 14. Parameter Settings for User Entity Instance: F1_FSM:fsm
 15. Parameter Settings for User Entity Instance: delay:delay
 16. Port Connectivity Checks: "bin2bcd_16:bin3"
 17. Port Connectivity Checks: "bin2bcd_16:bin2"
 18. Port Connectivity Checks: "delay:delay"
 19. Port Connectivity Checks: "lfsr14:lfsr"
 20. Port Connectivity Checks: "F1_FSM:fsm"
 21. Port Connectivity Checks: "clktick_16:clk_half"
 22. Port Connectivity Checks: "clktick_16:clk_ms"
 23. Post-Synthesis Netlist Statistics for Top Partition
 24. Elapsed Time Per Partition
 25. Analysis & Synthesis Messages
 26. Analysis & Synthesis Suppressed Messages



----------------
; Legal Notice ;
----------------
Copyright (C) 2018  Intel Corporation. All rights reserved.
Your use of Intel Corporation's design tools, logic functions 
and other software and tools, and its AMPP partner logic 
functions, and any output files from any of the foregoing 
(including device programming or simulation files), and any 
associated documentation or information are expressly subject 
to the terms and conditions of the Intel Program License 
Subscription Agreement, the Intel Quartus Prime License Agreement,
the Intel FPGA IP License Agreement, or other applicable license
agreement, including, without limitation, that your use is for
the sole purpose of programming logic devices manufactured by
Intel and sold by Intel or its authorized distributors.  Please
refer to the applicable agreement for further details.



+----------------------------------------------------------------------------------+
; Analysis & Synthesis Summary                                                     ;
+------------------------------------+---------------------------------------------+
; Analysis & Synthesis Status        ; Successful - Wed Dec 15 19:05:33 2021       ;
; Quartus Prime Version              ; 18.0.0 Build 614 04/24/2018 SJ Lite Edition ;
; Revision Name                      ; F1_challenge                                ;
; Top-level Entity Name              ; F1_challenge                                ;
; Family                             ; MAX 10                                      ;
; Total logic elements               ; 241                                         ;
;     Total combinational functions  ; 216                                         ;
;     Dedicated logic registers      ; 65                                          ;
; Total registers                    ; 65                                          ;
; Total pins                         ; 48                                          ;
; Total virtual pins                 ; 0                                           ;
; Total memory bits                  ; 0                                           ;
; Embedded Multiplier 9-bit elements ; 0                                           ;
; Total PLLs                         ; 0                                           ;
; UFM blocks                         ; 0                                           ;
; ADC blocks                         ; 0                                           ;
+------------------------------------+---------------------------------------------+


+------------------------------------------------------------------------------------------------------------+
; Analysis & Synthesis Settings                                                                              ;
+------------------------------------------------------------------+--------------------+--------------------+
; Option                                                           ; Setting            ; Default Value      ;
+------------------------------------------------------------------+--------------------+--------------------+
; Device                                                           ; 10M50DAF484C7G     ;                    ;
; Top-level entity name                                            ; F1_challenge       ; F1_challenge       ;
; Family name                                                      ; MAX 10             ; Cyclone V          ;
; Use smart compilation                                            ; Off                ; Off                ;
; Enable parallel Assembler and Timing Analyzer during compilation ; On                 ; On                 ;
; Enable compact report table                                      ; Off                ; Off                ;
; Restructure Multiplexers                                         ; Auto               ; Auto               ;
; Create Debugging Nodes for IP Cores                              ; Off                ; Off                ;
; Preserve fewer node names                                        ; On                 ; On                 ;
; Intel FPGA IP Evaluation Mode                                    ; Enable             ; Enable             ;
; Verilog Version                                                  ; Verilog_2001       ; Verilog_2001       ;
; VHDL Version                                                     ; VHDL_1993          ; VHDL_1993          ;
; State Machine Processing                                         ; Auto               ; Auto               ;
; Safe State Machine                                               ; Off                ; Off                ;
; Extract Verilog State Machines                                   ; On                 ; On                 ;
; Extract VHDL State Machines                                      ; On                 ; On                 ;
; Ignore Verilog initial constructs                                ; Off                ; Off                ;
; Iteration limit for constant Verilog loops                       ; 5000               ; 5000               ;
; Iteration limit for non-constant Verilog loops                   ; 250                ; 250                ;
; Add Pass-Through Logic to Inferred RAMs                          ; On                 ; On                 ;
; Infer RAMs from Raw Logic                                        ; On                 ; On                 ;
; Parallel Synthesis                                               ; On                 ; On                 ;
; DSP Block Balancing                                              ; Auto               ; Auto               ;
; NOT Gate Push-Back                                               ; On                 ; On                 ;
; Power-Up Don't Care                                              ; On                 ; On                 ;
; Remove Redundant Logic Cells                                     ; Off                ; Off                ;
; Remove Duplicate Registers                                       ; On                 ; On                 ;
; Ignore CARRY Buffers                                             ; Off                ; Off                ;
; Ignore CASCADE Buffers                                           ; Off                ; Off                ;
; Ignore GLOBAL Buffers                                            ; Off                ; Off                ;
; Ignore ROW GLOBAL Buffers                                        ; Off                ; Off                ;
; Ignore LCELL Buffers                                             ; Off                ; Off                ;
; Ignore SOFT Buffers                                              ; On                 ; On                 ;
; Limit AHDL Integers to 32 Bits                                   ; Off                ; Off                ;
; Optimization Technique                                           ; Balanced           ; Balanced           ;
; Carry Chain Length                                               ; 70                 ; 70                 ;
; Auto Carry Chains                                                ; On                 ; On                 ;
; Auto Open-Drain Pins                                             ; On                 ; On                 ;
; Perform WYSIWYG Primitive Resynthesis                            ; Off                ; Off                ;
; Auto ROM Replacement                                             ; On                 ; On                 ;
; Auto RAM Replacement                                             ; On                 ; On                 ;
; Auto DSP Block Replacement                                       ; On                 ; On                 ;
; Auto Shift Register Replacement                                  ; Auto               ; Auto               ;
; Allow Shift Register Merging across Hierarchies                  ; Auto               ; Auto               ;
; Auto Clock Enable Replacement                                    ; On                 ; On                 ;
; Strict RAM Replacement                                           ; Off                ; Off                ;
; Allow Synchronous Control Signals                                ; On                 ; On                 ;
; Force Use of Synchronous Clear Signals                           ; Off                ; Off                ;
; Auto RAM Block Balancing                                         ; On                 ; On                 ;
; Auto RAM to Logic Cell Conversion                                ; Off                ; Off                ;
; Auto Resource Sharing                                            ; Off                ; Off                ;
; Allow Any RAM Size For Recognition                               ; Off                ; Off                ;
; Allow Any ROM Size For Recognition                               ; Off                ; Off                ;
; Allow Any Shift Register Size For Recognition                    ; Off                ; Off                ;
; Use LogicLock Constraints during Resource Balancing              ; On                 ; On                 ;
; Ignore translate_off and synthesis_off directives                ; Off                ; Off                ;
; Timing-Driven Synthesis                                          ; On                 ; On                 ;
; Report Parameter Settings                                        ; On                 ; On                 ;
; Report Source Assignments                                        ; On                 ; On                 ;
; Report Connectivity Checks                                       ; On                 ; On                 ;
; Ignore Maximum Fan-Out Assignments                               ; Off                ; Off                ;
; Synchronization Register Chain Length                            ; 2                  ; 2                  ;
; Power Optimization During Synthesis                              ; Normal compilation ; Normal compilation ;
; HDL message level                                                ; Level2             ; Level2             ;
; Suppress Register Optimization Related Messages                  ; Off                ; Off                ;
; Number of Removed Registers Reported in Synthesis Report         ; 5000               ; 5000               ;
; Number of Swept Nodes Reported in Synthesis Report               ; 5000               ; 5000               ;
; Number of Inverted Registers Reported in Synthesis Report        ; 100                ; 100                ;
; Clock MUX Protection                                             ; On                 ; On                 ;
; Auto Gated Clock Conversion                                      ; Off                ; Off                ;
; Block Design Naming                                              ; Auto               ; Auto               ;
; SDC constraint protection                                        ; Off                ; Off                ;
; Synthesis Effort                                                 ; Auto               ; Auto               ;
; Shift Register Replacement - Allow Asynchronous Clear Signal     ; On                 ; On                 ;
; Pre-Mapping Resynthesis Optimization                             ; Off                ; Off                ;
; Analysis & Synthesis Message Level                               ; Medium             ; Medium             ;
; Disable Register Merging Across Hierarchies                      ; Auto               ; Auto               ;
; Resource Aware Inference For Block RAM                           ; On                 ; On                 ;
+------------------------------------------------------------------+--------------------+--------------------+


+------------------------------------------+
; Parallel Compilation                     ;
+----------------------------+-------------+
; Processors                 ; Number      ;
+----------------------------+-------------+
; Number detected on machine ; 8           ;
; Maximum allowed            ; 4           ;
;                            ;             ;
; Average used               ; 1.00        ;
; Maximum used               ; 4           ;
;                            ;             ;
; Usage by Processor         ; % Time Used ;
;     Processor 1            ; 100.0%      ;
;     Processor 2            ;   0.0%      ;
;     Processors 3-4         ;   0.0%      ;
+----------------------------+-------------+


+-------------------------------------------------------------------------------------------------------------------------------+
; Analysis & Synthesis Source Files Read                                                                                        ;
+----------------------------------+-----------------+------------------------+---------------------------------------+---------+
; File Name with User-Entered Path ; Used in Netlist ; File Type              ; File Name with Absolute Path          ; Library ;
+----------------------------------+-----------------+------------------------+---------------------------------------+---------+
; delay.v                          ; yes             ; User Verilog HDL File  ; C:/E2_CAS/F1_challenge/delay.v        ;         ;
; ../mylib/counter/clktick_16.v    ; yes             ; User Verilog HDL File  ; C:/E2_CAS/mylib/counter/clktick_16.v  ;         ;
; lfsr14.v                         ; yes             ; User Verilog HDL File  ; C:/E2_CAS/F1_challenge/lfsr14.v       ;         ;
; F1_FSM.v                         ; yes             ; User Verilog HDL File  ; C:/E2_CAS/F1_challenge/F1_FSM.v       ;         ;
; F1_challenge.v                   ; yes             ; User Verilog HDL File  ; C:/E2_CAS/F1_challenge/F1_challenge.v ;         ;
; ../mylib/to/hex_to_7seg.v        ; yes             ; User Verilog HDL File  ; C:/E2_CAS/mylib/to/hex_to_7seg.v      ;         ;
; ../mylib/to/bin2bcd_16.v         ; yes             ; User Verilog HDL File  ; C:/E2_CAS/mylib/to/bin2bcd_16.v       ;         ;
+----------------------------------+-----------------+------------------------+---------------------------------------+---------+


+----------------------------------------------------------------------+
; Analysis & Synthesis Resource Usage Summary                          ;
+---------------------------------------------+------------------------+
; Resource                                    ; Usage                  ;
+---------------------------------------------+------------------------+
; Estimated Total logic elements              ; 241                    ;
;                                             ;                        ;
; Total combinational functions               ; 216                    ;
; Logic element usage by number of LUT inputs ;                        ;
;     -- 4 input functions                    ; 139                    ;
;     -- 3 input functions                    ; 19                     ;
;     -- <=2 input functions                  ; 58                     ;
;                                             ;                        ;
; Logic elements by mode                      ;                        ;
;     -- normal mode                          ; 186                    ;
;     -- arithmetic mode                      ; 30                     ;
;                                             ;                        ;
; Total registers                             ; 65                     ;
;     -- Dedicated logic registers            ; 65                     ;
;     -- I/O registers                        ; 0                      ;
;                                             ;                        ;
; I/O pins                                    ; 48                     ;
;                                             ;                        ;
; Embedded Multiplier 9-bit elements          ; 0                      ;
;                                             ;                        ;
; Maximum fan-out node                        ; clktick_16:clk_ms|tick ;
; Maximum fan-out                             ; 34                     ;
; Total fan-out                               ; 959                    ;
; Average fan-out                             ; 2.54                   ;
+---------------------------------------------+------------------------+


+---------------------------------------------------------------------------------------------------------------------------------------------------------------------------------------------------------------------------------------------------+
; Analysis & Synthesis Resource Utilization by Entity                                                                                                                                                                                               ;
+----------------------------+---------------------+---------------------------+-------------+------------+--------------+---------+-----------+------+--------------+------------+-----------------------------------+--------------+--------------+
; Compilation Hierarchy Node ; Combinational ALUTs ; Dedicated Logic Registers ; Memory Bits ; UFM Blocks ; DSP Elements ; DSP 9x9 ; DSP 18x18 ; Pins ; Virtual Pins ; ADC blocks ; Full Hierarchy Name               ; Entity Name  ; Library Name ;
+----------------------------+---------------------+---------------------------+-------------+------------+--------------+---------+-----------+------+--------------+------------+-----------------------------------+--------------+--------------+
; |F1_challenge              ; 216 (0)             ; 65 (0)                    ; 0           ; 0          ; 0            ; 0       ; 0         ; 48   ; 0            ; 0          ; |F1_challenge                     ; F1_challenge ; work         ;
;    |F1_FSM:fsm|            ; 17 (17)             ; 3 (3)                     ; 0           ; 0          ; 0            ; 0       ; 0         ; 0    ; 0            ; 0          ; |F1_challenge|F1_FSM:fsm          ; F1_FSM       ; work         ;
;    |bin2bcd_16:bin2|       ; 103 (103)           ; 0 (0)                     ; 0           ; 0          ; 0            ; 0       ; 0         ; 0    ; 0            ; 0          ; |F1_challenge|bin2bcd_16:bin2     ; bin2bcd_16   ; work         ;
;    |clktick_16:clk_half|   ; 31 (31)             ; 17 (17)                   ; 0           ; 0          ; 0            ; 0       ; 0         ; 0    ; 0            ; 0          ; |F1_challenge|clktick_16:clk_half ; clktick_16   ; work         ;
;    |clktick_16:clk_ms|     ; 31 (31)             ; 17 (17)                   ; 0           ; 0          ; 0            ; 0       ; 0         ; 0    ; 0            ; 0          ; |F1_challenge|clktick_16:clk_ms   ; clktick_16   ; work         ;
;    |hex_to_7seg:seg0|      ; 7 (7)               ; 0 (0)                     ; 0           ; 0          ; 0            ; 0       ; 0         ; 0    ; 0            ; 0          ; |F1_challenge|hex_to_7seg:seg0    ; hex_to_7seg  ; work         ;
;    |hex_to_7seg:seg1|      ; 7 (7)               ; 0 (0)                     ; 0           ; 0          ; 0            ; 0       ; 0         ; 0    ; 0            ; 0          ; |F1_challenge|hex_to_7seg:seg1    ; hex_to_7seg  ; work         ;
;    |hex_to_7seg:seg2|      ; 7 (7)               ; 0 (0)                     ; 0           ; 0          ; 0            ; 0       ; 0         ; 0    ; 0            ; 0          ; |F1_challenge|hex_to_7seg:seg2    ; hex_to_7seg  ; work         ;
;    |hex_to_7seg:seg3|      ; 7 (7)               ; 0 (0)                     ; 0           ; 0          ; 0            ; 0       ; 0         ; 0    ; 0            ; 0          ; |F1_challenge|hex_to_7seg:seg3    ; hex_to_7seg  ; work         ;
;    |hex_to_7seg:seg4|      ; 3 (3)               ; 0 (0)                     ; 0           ; 0          ; 0            ; 0       ; 0         ; 0    ; 0            ; 0          ; |F1_challenge|hex_to_7seg:seg4    ; hex_to_7seg  ; work         ;
;    |lfsr14:lfsr|           ; 3 (3)               ; 28 (28)                   ; 0           ; 0          ; 0            ; 0       ; 0         ; 0    ; 0            ; 0          ; |F1_challenge|lfsr14:lfsr         ; lfsr14       ; work         ;
+----------------------------+---------------------+---------------------------+-------------+------------+--------------+---------+-----------+------+--------------+------------+-----------------------------------+--------------+--------------+
Note: For table entries with two numbers listed, the numbers in parentheses indicate the number of resources of the given type used by the specific entity alone. The numbers listed outside of parentheses indicate the total resources of the given type used by the specific entity and all of its sub-entities in the hierarchy.


+---------------------------------------------------------------------------------------------------+
; User-Specified and Inferred Latches                                                               ;
+----------------------------------------------------+---------------------+------------------------+
; Latch Name                                         ; Latch Enable Signal ; Free of Timing Hazards ;
+----------------------------------------------------+---------------------+------------------------+
; F1_FSM:fsm|ledr[0]                                 ; F1_FSM:fsm|Mux7     ; yes                    ;
; F1_FSM:fsm|ledr[1]                                 ; F1_FSM:fsm|Mux7     ; yes                    ;
; F1_FSM:fsm|ledr[2]                                 ; F1_FSM:fsm|Mux7     ; yes                    ;
; F1_FSM:fsm|ledr[3]                                 ; F1_FSM:fsm|Mux7     ; yes                    ;
; F1_FSM:fsm|ledr[4]                                 ; F1_FSM:fsm|Mux7     ; yes                    ;
; F1_FSM:fsm|en_lfsr                                 ; F1_FSM:fsm|Mux11    ; yes                    ;
; Number of user-specified and inferred latches = 6  ;                     ;                        ;
+----------------------------------------------------+---------------------+------------------------+
Note: All latches listed above may not be present at the end of synthesis due to various synthesis optimizations.


+--------------------------------------------------------------------------------------+
; Registers Removed During Synthesis                                                   ;
+----------------------------------------+---------------------------------------------+
; Register name                          ; Reason for Removal                          ;
+----------------------------------------+---------------------------------------------+
; F1_FSM:fsm|start_delay                 ; Stuck at GND due to stuck port data_in      ;
; delay:delay|state[0]                   ; Stuck at GND due to stuck port data_in      ;
; delay:delay|count[0..13]               ; Stuck at GND due to stuck port clock_enable ;
; delay:delay|state[1]                   ; Stuck at GND due to stuck port data_in      ;
; Total Number of Removed Registers = 17 ;                                             ;
+----------------------------------------+---------------------------------------------+


+--------------------------------------------------------------------------------------------------------------------------------------------+
; Removed Registers Triggering Further Register Optimizations                                                                                ;
+----------------------+---------------------------+-----------------------------------------------------------------------------------------+
; Register name        ; Reason for Removal        ; Registers Removed due to This Register                                                  ;
+----------------------+---------------------------+-----------------------------------------------------------------------------------------+
; delay:delay|state[0] ; Stuck at GND              ; delay:delay|count[6], delay:delay|count[7], delay:delay|count[8], delay:delay|count[9], ;
;                      ; due to stuck port data_in ; delay:delay|count[10], delay:delay|count[11], delay:delay|count[12],                    ;
;                      ;                           ; delay:delay|count[13]                                                                   ;
+----------------------+---------------------------+-----------------------------------------------------------------------------------------+


+------------------------------------------------------+
; General Register Statistics                          ;
+----------------------------------------------+-------+
; Statistic                                    ; Value ;
+----------------------------------------------+-------+
; Total registers                              ; 65    ;
; Number of registers using Synchronous Clear  ; 0     ;
; Number of registers using Synchronous Load   ; 0     ;
; Number of registers using Asynchronous Clear ; 0     ;
; Number of registers using Asynchronous Load  ; 0     ;
; Number of registers using Clock Enable       ; 17    ;
; Number of registers using Preset             ; 0     ;
+----------------------------------------------+-------+


+--------------------------------------------------+
; Inverted Register Statistics                     ;
+----------------------------------------+---------+
; Inverted Register                      ; Fan out ;
+----------------------------------------+---------+
; lfsr14:lfsr|sreg[1]                    ; 3       ;
; Total number of inverted registers = 1 ;         ;
+----------------------------------------+---------+


+-------------------------------------------------------------------------------------------------------------------------------------------------+
; Multiplexer Restructuring Statistics (Restructuring Performed)                                                                                  ;
+--------------------+-----------+---------------+----------------------+------------------------+------------+-----------------------------------+
; Multiplexer Inputs ; Bus Width ; Baseline Area ; Area if Restructured ; Saving if Restructured ; Registered ; Example Multiplexer Output        ;
+--------------------+-----------+---------------+----------------------+------------------------+------------+-----------------------------------+
; 9:1                ; 2 bits    ; 12 LEs        ; 6 LEs                ; 6 LEs                  ; Yes        ; |F1_challenge|F1_FSM:fsm|state[2] ;
+--------------------+-----------+---------------+----------------------+------------------------+------------+-----------------------------------+


+---------------------------------------------------------+
; Parameter Settings for User Entity Instance: F1_FSM:fsm ;
+----------------+-------+--------------------------------+
; Parameter Name ; Value ; Type                           ;
+----------------+-------+--------------------------------+
; IDLE           ; 000   ; Unsigned Binary                ;
; LED0           ; 001   ; Unsigned Binary                ;
; LED1           ; 010   ; Unsigned Binary                ;
; LED2           ; 011   ; Unsigned Binary                ;
; LED3           ; 100   ; Unsigned Binary                ;
; LED4           ; 101   ; Unsigned Binary                ;
+----------------+-------+--------------------------------+
Note: In order to hide this table in the UI and the text report file, please set the "Show Parameter Settings in Synthesis Report" option in "Analysis and Synthesis Settings -> More Settings" to "Off".


+----------------------------------------------------------+
; Parameter Settings for User Entity Instance: delay:delay ;
+----------------+-------+---------------------------------+
; Parameter Name ; Value ; Type                            ;
+----------------+-------+---------------------------------+
; BIT_SZ         ; 14    ; Signed Integer                  ;
; IDLE           ; 00    ; Unsigned Binary                 ;
; COUNTING       ; 01    ; Unsigned Binary                 ;
; TIME_OUT       ; 10    ; Unsigned Binary                 ;
; WAIT_LOW       ; 11    ; Unsigned Binary                 ;
+----------------+-------+---------------------------------+
Note: In order to hide this table in the UI and the text report file, please set the "Show Parameter Settings in Synthesis Report" option in "Analysis and Synthesis Settings -> More Settings" to "Off".


+------------------------------------------------------------------------------------------------------------------------------------------------------------------------+
; Port Connectivity Checks: "bin2bcd_16:bin3"                                                                                                                            ;
+------+--------+----------+---------------------------------------------------------------------------------------------------------------------------------------------+
; Port ; Type   ; Severity ; Details                                                                                                                                     ;
+------+--------+----------+---------------------------------------------------------------------------------------------------------------------------------------------+
; x    ; Input  ; Warning  ; Input port expression (1 bits) is smaller than the input port (16 bits) it drives.  Extra input bit(s) "x[15..1]" will be connected to GND. ;
; BCD0 ; Output ; Info     ; Connected to dangling logic. Logic that only feeds a dangling port will be removed.                                                         ;
; BCD1 ; Output ; Info     ; Connected to dangling logic. Logic that only feeds a dangling port will be removed.                                                         ;
; BCD2 ; Output ; Info     ; Connected to dangling logic. Logic that only feeds a dangling port will be removed.                                                         ;
; BCD3 ; Output ; Info     ; Connected to dangling logic. Logic that only feeds a dangling port will be removed.                                                         ;
; BCD4 ; Output ; Info     ; Connected to dangling logic. Logic that only feeds a dangling port will be removed.                                                         ;
+------+--------+----------+---------------------------------------------------------------------------------------------------------------------------------------------+


+-------------------------------------------------------------------------------------------------------------------------------------------------------------------------+
; Port Connectivity Checks: "bin2bcd_16:bin2"                                                                                                                             ;
+------+-------+----------+-----------------------------------------------------------------------------------------------------------------------------------------------+
; Port ; Type  ; Severity ; Details                                                                                                                                       ;
+------+-------+----------+-----------------------------------------------------------------------------------------------------------------------------------------------+
; x    ; Input ; Warning  ; Input port expression (14 bits) is smaller than the input port (16 bits) it drives.  Extra input bit(s) "x[15..14]" will be connected to GND. ;
+------+-------+----------+-----------------------------------------------------------------------------------------------------------------------------------------------+


+------------------------------------------------------------------------------------------------------------------------------------------------------+
; Port Connectivity Checks: "delay:delay"                                                                                                              ;
+-------+--------+----------+--------------------------------------------------------------------------------------------------------------------------+
; Port  ; Type   ; Severity ; Details                                                                                                                  ;
+-------+--------+----------+--------------------------------------------------------------------------------------------------------------------------+
; state ; Output ; Warning  ; Output or bidir port (2 bits) is wider than the port expression (1 bits) it drives; bit(s) "state[1..1]" have no fanouts ;
; state ; Output ; Info     ; Connected to dangling logic. Logic that only feeds a dangling port will be removed.                                      ;
; N_out ; Output ; Info     ; Connected to dangling logic. Logic that only feeds a dangling port will be removed.                                      ;
+-------+--------+----------+--------------------------------------------------------------------------------------------------------------------------+


+----------------------------------------------------------------------------------------------------------------------+
; Port Connectivity Checks: "lfsr14:lfsr"                                                                              ;
+------------+--------+----------+-------------------------------------------------------------------------------------+
; Port       ; Type   ; Severity ; Details                                                                             ;
+------------+--------+----------+-------------------------------------------------------------------------------------+
; data_2_dis ; Output ; Info     ; Connected to dangling logic. Logic that only feeds a dangling port will be removed. ;
+------------+--------+----------+-------------------------------------------------------------------------------------+


+------------------------------------------------------------------------------------------------------------------------------------------------------+
; Port Connectivity Checks: "F1_FSM:fsm"                                                                                                               ;
+-------+--------+----------+--------------------------------------------------------------------------------------------------------------------------+
; Port  ; Type   ; Severity ; Details                                                                                                                  ;
+-------+--------+----------+--------------------------------------------------------------------------------------------------------------------------+
; ledr  ; Output ; Warning  ; Output or bidir port (10 bits) is wider than the port expression (5 bits) it drives; bit(s) "ledr[9..5]" have no fanouts ;
; state ; Output ; Warning  ; Output or bidir port (3 bits) is wider than the port expression (1 bits) it drives; bit(s) "state[2..1]" have no fanouts ;
+-------+--------+----------+--------------------------------------------------------------------------------------------------------------------------+


+-------------------------------------------------+
; Port Connectivity Checks: "clktick_16:clk_half" ;
+----------+-------+----------+-------------------+
; Port     ; Type  ; Severity ; Details           ;
+----------+-------+----------+-------------------+
; N[8..4]  ; Input ; Info     ; Stuck at VCC      ;
; N[15..9] ; Input ; Info     ; Stuck at GND      ;
; N[1..0]  ; Input ; Info     ; Stuck at GND      ;
; N[3]     ; Input ; Info     ; Stuck at GND      ;
; N[2]     ; Input ; Info     ; Stuck at VCC      ;
+----------+-------+----------+-------------------+


+-----------------------------------------------+
; Port Connectivity Checks: "clktick_16:clk_ms" ;
+-----------+-------+----------+----------------+
; Port      ; Type  ; Severity ; Details        ;
+-----------+-------+----------+----------------+
; enable    ; Input ; Info     ; Stuck at VCC   ;
; N[15..14] ; Input ; Info     ; Stuck at VCC   ;
; N[9..8]   ; Input ; Info     ; Stuck at VCC   ;
; N[13..10] ; Input ; Info     ; Stuck at GND   ;
; N[3..0]   ; Input ; Info     ; Stuck at GND   ;
; N[7]      ; Input ; Info     ; Stuck at GND   ;
; N[6]      ; Input ; Info     ; Stuck at VCC   ;
; N[5]      ; Input ; Info     ; Stuck at GND   ;
; N[4]      ; Input ; Info     ; Stuck at VCC   ;
+-----------+-------+----------+----------------+


+-----------------------------------------------------+
; Post-Synthesis Netlist Statistics for Top Partition ;
+-----------------------+-----------------------------+
; Type                  ; Count                       ;
+-----------------------+-----------------------------+
; boundary_port         ; 48                          ;
; cycloneiii_ff         ; 65                          ;
;     ENA               ; 17                          ;
;     plain             ; 48                          ;
; cycloneiii_lcell_comb ; 228                         ;
;     arith             ; 30                          ;
;         2 data inputs ; 30                          ;
;     normal            ; 198                         ;
;         0 data inputs ; 1                           ;
;         1 data inputs ; 15                          ;
;         2 data inputs ; 24                          ;
;         3 data inputs ; 19                          ;
;         4 data inputs ; 139                         ;
;                       ;                             ;
; Max LUT depth         ; 14.00                       ;
; Average LUT depth     ; 7.29                        ;
+-----------------------+-----------------------------+


+-------------------------------+
; Elapsed Time Per Partition    ;
+----------------+--------------+
; Partition Name ; Elapsed Time ;
+----------------+--------------+
; Top            ; 00:00:03     ;
+----------------+--------------+


+-------------------------------+
; Analysis & Synthesis Messages ;
+-------------------------------+
Info: *******************************************************************
Info: Running Quartus Prime Analysis & Synthesis
    Info: Version 18.0.0 Build 614 04/24/2018 SJ Lite Edition
    Info: Processing started: Wed Dec 15 19:05:15 2021
Info: Command: quartus_map --read_settings_files=on --write_settings_files=off F1_challenge -c F1_challenge
Warning (18236): Number of processors has not been specified which may cause overloading on shared machines.  Set the global assignment NUM_PARALLEL_PROCESSORS in your QSF to an appropriate value for best performance.
Info (20030): Parallel compilation is enabled and will use 4 of the 4 processors detected
Info (12021): Found 1 design units, including 1 entities, in source file delay.v
    Info (12023): Found entity 1: delay File: C:/E2_CAS/F1_challenge/delay.v Line: 2
Info (12021): Found 1 design units, including 1 entities, in source file /e2_cas/mylib/counter/clktick_16.v
    Info (12023): Found entity 1: clktick_16 File: C:/E2_CAS/mylib/counter/clktick_16.v Line: 5
Info (12021): Found 1 design units, including 1 entities, in source file lfsr14.v
    Info (12023): Found entity 1: lfsr14 File: C:/E2_CAS/F1_challenge/lfsr14.v Line: 1
Info (12021): Found 1 design units, including 1 entities, in source file f1_fsm.v
    Info (12023): Found entity 1: F1_FSM File: C:/E2_CAS/F1_challenge/F1_FSM.v Line: 1
Info (12021): Found 1 design units, including 1 entities, in source file /e2_cas/mylib/clkdiv.v
    Info (12023): Found entity 1: clkdiv File: C:/E2_CAS/mylib/clkdiv.v Line: 1
Info (12021): Found 1 design units, including 1 entities, in source file f1_challenge.v
    Info (12023): Found entity 1: F1_challenge File: C:/E2_CAS/F1_challenge/F1_challenge.v Line: 1
Info (12021): Found 1 design units, including 1 entities, in source file /e2_cas/mylib/to/hex_to_7seg.v
    Info (12023): Found entity 1: hex_to_7seg File: C:/E2_CAS/mylib/to/hex_to_7seg.v Line: 1
Info (12021): Found 1 design units, including 1 entities, in source file /e2_cas/mylib/to/bin2bcd_16.v
    Info (12023): Found entity 1: bin2bcd_16 File: C:/E2_CAS/mylib/to/bin2bcd_16.v Line: 14
Warning (10236): Verilog HDL Implicit Net warning at F1_challenge.v(19): created implicit net for "en_lfsr" File: C:/E2_CAS/F1_challenge/F1_challenge.v Line: 19
Warning (10236): Verilog HDL Implicit Net warning at F1_challenge.v(19): created implicit net for "start_delay" File: C:/E2_CAS/F1_challenge/F1_challenge.v Line: 19
Warning (10236): Verilog HDL Implicit Net warning at F1_challenge.v(19): created implicit net for "state" File: C:/E2_CAS/F1_challenge/F1_challenge.v Line: 19
Warning (10236): Verilog HDL Implicit Net warning at F1_challenge.v(25): created implicit net for "state0" File: C:/E2_CAS/F1_challenge/F1_challenge.v Line: 25
Info (12127): Elaborating entity "F1_challenge" for the top level hierarchy
Info (12128): Elaborating entity "clktick_16" for hierarchy "clktick_16:clk_ms" File: C:/E2_CAS/F1_challenge/F1_challenge.v Line: 17
Info (12128): Elaborating entity "F1_FSM" for hierarchy "F1_FSM:fsm" File: C:/E2_CAS/F1_challenge/F1_challenge.v Line: 19
Warning (10240): Verilog HDL Always Construct warning at F1_FSM.v(43): inferring latch(es) for variable "en_lfsr", which holds its previous value in one or more paths through the always construct File: C:/E2_CAS/F1_challenge/F1_FSM.v Line: 43
Warning (10240): Verilog HDL Always Construct warning at F1_FSM.v(43): inferring latch(es) for variable "ledr", which holds its previous value in one or more paths through the always construct File: C:/E2_CAS/F1_challenge/F1_FSM.v Line: 43
Info (10041): Inferred latch for "ledr[0]" at F1_FSM.v(43) File: C:/E2_CAS/F1_challenge/F1_FSM.v Line: 43
Info (10041): Inferred latch for "ledr[1]" at F1_FSM.v(43) File: C:/E2_CAS/F1_challenge/F1_FSM.v Line: 43
Info (10041): Inferred latch for "ledr[2]" at F1_FSM.v(43) File: C:/E2_CAS/F1_challenge/F1_FSM.v Line: 43
Info (10041): Inferred latch for "ledr[3]" at F1_FSM.v(43) File: C:/E2_CAS/F1_challenge/F1_FSM.v Line: 43
Info (10041): Inferred latch for "ledr[4]" at F1_FSM.v(43) File: C:/E2_CAS/F1_challenge/F1_FSM.v Line: 43
Info (10041): Inferred latch for "ledr[5]" at F1_FSM.v(43) File: C:/E2_CAS/F1_challenge/F1_FSM.v Line: 43
Info (10041): Inferred latch for "ledr[6]" at F1_FSM.v(43) File: C:/E2_CAS/F1_challenge/F1_FSM.v Line: 43
Info (10041): Inferred latch for "ledr[7]" at F1_FSM.v(43) File: C:/E2_CAS/F1_challenge/F1_FSM.v Line: 43
Info (10041): Inferred latch for "ledr[8]" at F1_FSM.v(43) File: C:/E2_CAS/F1_challenge/F1_FSM.v Line: 43
Info (10041): Inferred latch for "ledr[9]" at F1_FSM.v(43) File: C:/E2_CAS/F1_challenge/F1_FSM.v Line: 43
Info (10041): Inferred latch for "en_lfsr" at F1_FSM.v(43) File: C:/E2_CAS/F1_challenge/F1_FSM.v Line: 43
Info (12128): Elaborating entity "lfsr14" for hierarchy "lfsr14:lfsr" File: C:/E2_CAS/F1_challenge/F1_challenge.v Line: 20
Info (12128): Elaborating entity "delay" for hierarchy "delay:delay" File: C:/E2_CAS/F1_challenge/F1_challenge.v Line: 27
Warning (10855): Verilog HDL warning at delay.v(26): initial value for variable count should be constant File: C:/E2_CAS/F1_challenge/delay.v Line: 26
Warning (10034): Output port "ledr" at delay.v(7) has no driver File: C:/E2_CAS/F1_challenge/delay.v Line: 7
Info (12128): Elaborating entity "bin2bcd_16" for hierarchy "bin2bcd_16:bin2" File: C:/E2_CAS/F1_challenge/F1_challenge.v Line: 30
Info (12128): Elaborating entity "hex_to_7seg" for hierarchy "hex_to_7seg:seg0" File: C:/E2_CAS/F1_challenge/F1_challenge.v Line: 32
Warning (12241): 4 hierarchies have connectivity warnings - see the Connectivity Checks report folder
Warning (13012): Latch F1_FSM:fsm|ledr[0] has unsafe behavior File: C:/E2_CAS/F1_challenge/F1_FSM.v Line: 43
    Warning (13013): Ports D and ENA on the latch are fed by the same signal F1_FSM:fsm|state[1] File: C:/E2_CAS/F1_challenge/F1_FSM.v Line: 22
Warning (13012): Latch F1_FSM:fsm|ledr[1] has unsafe behavior File: C:/E2_CAS/F1_challenge/F1_FSM.v Line: 43
    Warning (13013): Ports D and ENA on the latch are fed by the same signal F1_FSM:fsm|state[1] File: C:/E2_CAS/F1_challenge/F1_FSM.v Line: 22
Warning (13012): Latch F1_FSM:fsm|ledr[2] has unsafe behavior File: C:/E2_CAS/F1_challenge/F1_FSM.v Line: 43
    Warning (13013): Ports D and ENA on the latch are fed by the same signal F1_FSM:fsm|state[2] File: C:/E2_CAS/F1_challenge/F1_FSM.v Line: 22
Warning (13012): Latch F1_FSM:fsm|ledr[3] has unsafe behavior File: C:/E2_CAS/F1_challenge/F1_FSM.v Line: 43
    Warning (13013): Ports D and ENA on the latch are fed by the same signal F1_FSM:fsm|state[2] File: C:/E2_CAS/F1_challenge/F1_FSM.v Line: 22
Warning (13012): Latch F1_FSM:fsm|ledr[4] has unsafe behavior File: C:/E2_CAS/F1_challenge/F1_FSM.v Line: 43
    Warning (13013): Ports D and ENA on the latch are fed by the same signal F1_FSM:fsm|state[2] File: C:/E2_CAS/F1_challenge/F1_FSM.v Line: 22
Warning (13012): Latch F1_FSM:fsm|en_lfsr has unsafe behavior File: C:/E2_CAS/F1_challenge/F1_FSM.v Line: 6
    Warning (13013): Ports D and ENA on the latch are fed by the same signal F1_FSM:fsm|state[0] File: C:/E2_CAS/F1_challenge/F1_FSM.v Line: 22
Warning (13024): Output pins are stuck at VCC or GND
    Warning (13410): Pin "HEX4[1]" is stuck at GND File: C:/E2_CAS/F1_challenge/F1_challenge.v Line: 4
    Warning (13410): Pin "LEDR[5]" is stuck at GND File: C:/E2_CAS/F1_challenge/F1_challenge.v Line: 5
    Warning (13410): Pin "LEDR[6]" is stuck at GND File: C:/E2_CAS/F1_challenge/F1_challenge.v Line: 5
    Warning (13410): Pin "LEDR[7]" is stuck at GND File: C:/E2_CAS/F1_challenge/F1_challenge.v Line: 5
    Warning (13410): Pin "LEDR[8]" is stuck at GND File: C:/E2_CAS/F1_challenge/F1_challenge.v Line: 5
    Warning (13410): Pin "LEDR[9]" is stuck at GND File: C:/E2_CAS/F1_challenge/F1_challenge.v Line: 5
Info (286030): Timing-Driven Synthesis is running
Info (144001): Generated suppressed messages file C:/E2_CAS/F1_challenge/output_files/F1_challenge.map.smsg
Info (16010): Generating hard_block partition "hard_block:auto_generated_inst"
    Info (16011): Adding 0 node(s), including 0 DDIO, 0 PLL, 0 transceiver and 0 LCELL
Warning (21074): Design contains 1 input pin(s) that do not drive logic
    Warning (15610): No output dependent on input pin "KEY[0]" File: C:/E2_CAS/F1_challenge/F1_challenge.v Line: 3
Info (21057): Implemented 291 device resources after synthesis - the final resource count might be different
    Info (21058): Implemented 3 input pins
    Info (21059): Implemented 45 output pins
    Info (21061): Implemented 243 logic cells
Info: Quartus Prime Analysis & Synthesis was successful. 0 errors, 31 warnings
    Info: Peak virtual memory: 4779 megabytes
    Info: Processing ended: Wed Dec 15 19:05:34 2021
    Info: Elapsed time: 00:00:19
    Info: Total CPU time (on all processors): 00:00:38


+------------------------------------------+
; Analysis & Synthesis Suppressed Messages ;
+------------------------------------------+
The suppressed messages can be found in C:/E2_CAS/F1_challenge/output_files/F1_challenge.map.smsg.


