Analysis & Synthesis report for lab6task2
Wed Dec 08 14:11:55 2021
Quartus Prime Version 18.0.0 Build 614 04/24/2018 SJ Lite Edition


---------------------
; Table of Contents ;
---------------------
  1. Legal Notice
  2. Analysis & Synthesis Summary
  3. Analysis & Synthesis Settings
  4. Parallel Compilation
  5. Analysis & Synthesis Source Files Read
  6. Analysis & Synthesis Resource Usage Summary
  7. Analysis & Synthesis Resource Utilization by Entity
  8. State Machine - |lab6task2|spi2adc:SPI_ADC_INTERFACE|sr_state
  9. State Machine - |lab6task2|spi2dac:spi0|sr_state
 10. Registers Removed During Synthesis
 11. Removed Registers Triggering Further Register Optimizations
 12. General Register Statistics
 13. Parameter Settings for User Entity Instance: spi2dac:spi0
 14. Parameter Settings for User Entity Instance: spi2adc:SPI_ADC_INTERFACE
 15. Port Connectivity Checks: "hex_to_7seg:DISP3"
 16. Port Connectivity Checks: "hex_to_7seg:DISP2"
 17. Port Connectivity Checks: "hex_to_7seg:DISP1"
 18. Port Connectivity Checks: "hex_to_7seg:DISP0"
 19. Port Connectivity Checks: "bin2bcd_16:BCD_CONVERTER"
 20. Port Connectivity Checks: "spi2adc:SPI_ADC_INTERFACE"
 21. Port Connectivity Checks: "clktick_16:clktick"
 22. Post-Synthesis Netlist Statistics for Top Partition
 23. Elapsed Time Per Partition
 24. Analysis & Synthesis Messages



----------------
; Legal Notice ;
----------------
Copyright (C) 2018  Intel Corporation. All rights reserved.
Your use of Intel Corporation's design tools, logic functions 
and other software and tools, and its AMPP partner logic 
functions, and any output files from any of the foregoing 
(including device programming or simulation files), and any 
associated documentation or information are expressly subject 
to the terms and conditions of the Intel Program License 
Subscription Agreement, the Intel Quartus Prime License Agreement,
the Intel FPGA IP License Agreement, or other applicable license
agreement, including, without limitation, that your use is for
the sole purpose of programming logic devices manufactured by
Intel and sold by Intel or its authorized distributors.  Please
refer to the applicable agreement for further details.



+----------------------------------------------------------------------------------+
; Analysis & Synthesis Summary                                                     ;
+------------------------------------+---------------------------------------------+
; Analysis & Synthesis Status        ; Successful - Wed Dec 08 14:11:55 2021       ;
; Quartus Prime Version              ; 18.0.0 Build 614 04/24/2018 SJ Lite Edition ;
; Revision Name                      ; lab6task2                                   ;
; Top-level Entity Name              ; lab6task2                                   ;
; Family                             ; MAX 10                                      ;
; Total logic elements               ; 0                                           ;
;     Total combinational functions  ; 0                                           ;
;     Dedicated logic registers      ; 0                                           ;
; Total registers                    ; 0                                           ;
; Total pins                         ; 45                                          ;
; Total virtual pins                 ; 0                                           ;
; Total memory bits                  ; 0                                           ;
; Embedded Multiplier 9-bit elements ; 0                                           ;
; Total PLLs                         ; 0                                           ;
; UFM blocks                         ; 0                                           ;
; ADC blocks                         ; 0                                           ;
+------------------------------------+---------------------------------------------+


+------------------------------------------------------------------------------------------------------------+
; Analysis & Synthesis Settings                                                                              ;
+------------------------------------------------------------------+--------------------+--------------------+
; Option                                                           ; Setting            ; Default Value      ;
+------------------------------------------------------------------+--------------------+--------------------+
; Device                                                           ; 10M50DAF484C7G     ;                    ;
; Top-level entity name                                            ; lab6task2          ; lab6task2          ;
; Family name                                                      ; MAX 10             ; Cyclone V          ;
; Use smart compilation                                            ; Off                ; Off                ;
; Enable parallel Assembler and Timing Analyzer during compilation ; On                 ; On                 ;
; Enable compact report table                                      ; Off                ; Off                ;
; Restructure Multiplexers                                         ; Auto               ; Auto               ;
; Create Debugging Nodes for IP Cores                              ; Off                ; Off                ;
; Preserve fewer node names                                        ; On                 ; On                 ;
; Intel FPGA IP Evaluation Mode                                    ; Enable             ; Enable             ;
; Verilog Version                                                  ; Verilog_2001       ; Verilog_2001       ;
; VHDL Version                                                     ; VHDL_1993          ; VHDL_1993          ;
; State Machine Processing                                         ; Auto               ; Auto               ;
; Safe State Machine                                               ; Off                ; Off                ;
; Extract Verilog State Machines                                   ; On                 ; On                 ;
; Extract VHDL State Machines                                      ; On                 ; On                 ;
; Ignore Verilog initial constructs                                ; Off                ; Off                ;
; Iteration limit for constant Verilog loops                       ; 5000               ; 5000               ;
; Iteration limit for non-constant Verilog loops                   ; 250                ; 250                ;
; Add Pass-Through Logic to Inferred RAMs                          ; On                 ; On                 ;
; Infer RAMs from Raw Logic                                        ; On                 ; On                 ;
; Parallel Synthesis                                               ; On                 ; On                 ;
; DSP Block Balancing                                              ; Auto               ; Auto               ;
; NOT Gate Push-Back                                               ; On                 ; On                 ;
; Power-Up Don't Care                                              ; On                 ; On                 ;
; Remove Redundant Logic Cells                                     ; Off                ; Off                ;
; Remove Duplicate Registers                                       ; On                 ; On                 ;
; Ignore CARRY Buffers                                             ; Off                ; Off                ;
; Ignore CASCADE Buffers                                           ; Off                ; Off                ;
; Ignore GLOBAL Buffers                                            ; Off                ; Off                ;
; Ignore ROW GLOBAL Buffers                                        ; Off                ; Off                ;
; Ignore LCELL Buffers                                             ; Off                ; Off                ;
; Ignore SOFT Buffers                                              ; On                 ; On                 ;
; Limit AHDL Integers to 32 Bits                                   ; Off                ; Off                ;
; Optimization Technique                                           ; Balanced           ; Balanced           ;
; Carry Chain Length                                               ; 70                 ; 70                 ;
; Auto Carry Chains                                                ; On                 ; On                 ;
; Auto Open-Drain Pins                                             ; On                 ; On                 ;
; Perform WYSIWYG Primitive Resynthesis                            ; Off                ; Off                ;
; Auto ROM Replacement                                             ; On                 ; On                 ;
; Auto RAM Replacement                                             ; On                 ; On                 ;
; Auto DSP Block Replacement                                       ; On                 ; On                 ;
; Auto Shift Register Replacement                                  ; Auto               ; Auto               ;
; Allow Shift Register Merging across Hierarchies                  ; Auto               ; Auto               ;
; Auto Clock Enable Replacement                                    ; On                 ; On                 ;
; Strict RAM Replacement                                           ; Off                ; Off                ;
; Allow Synchronous Control Signals                                ; On                 ; On                 ;
; Force Use of Synchronous Clear Signals                           ; Off                ; Off                ;
; Auto RAM Block Balancing                                         ; On                 ; On                 ;
; Auto RAM to Logic Cell Conversion                                ; Off                ; Off                ;
; Auto Resource Sharing                                            ; Off                ; Off                ;
; Allow Any RAM Size For Recognition                               ; Off                ; Off                ;
; Allow Any ROM Size For Recognition                               ; Off                ; Off                ;
; Allow Any Shift Register Size For Recognition                    ; Off                ; Off                ;
; Use LogicLock Constraints during Resource Balancing              ; On                 ; On                 ;
; Ignore translate_off and synthesis_off directives                ; Off                ; Off                ;
; Timing-Driven Synthesis                                          ; On                 ; On                 ;
; Report Parameter Settings                                        ; On                 ; On                 ;
; Report Source Assignments                                        ; On                 ; On                 ;
; Report Connectivity Checks                                       ; On                 ; On                 ;
; Ignore Maximum Fan-Out Assignments                               ; Off                ; Off                ;
; Synchronization Register Chain Length                            ; 2                  ; 2                  ;
; Power Optimization During Synthesis                              ; Normal compilation ; Normal compilation ;
; HDL message level                                                ; Level2             ; Level2             ;
; Suppress Register Optimization Related Messages                  ; Off                ; Off                ;
; Number of Removed Registers Reported in Synthesis Report         ; 5000               ; 5000               ;
; Number of Swept Nodes Reported in Synthesis Report               ; 5000               ; 5000               ;
; Number of Inverted Registers Reported in Synthesis Report        ; 100                ; 100                ;
; Clock MUX Protection                                             ; On                 ; On                 ;
; Auto Gated Clock Conversion                                      ; Off                ; Off                ;
; Block Design Naming                                              ; Auto               ; Auto               ;
; SDC constraint protection                                        ; Off                ; Off                ;
; Synthesis Effort                                                 ; Auto               ; Auto               ;
; Shift Register Replacement - Allow Asynchronous Clear Signal     ; On                 ; On                 ;
; Pre-Mapping Resynthesis Optimization                             ; Off                ; Off                ;
; Analysis & Synthesis Message Level                               ; Medium             ; Medium             ;
; Disable Register Merging Across Hierarchies                      ; Auto               ; Auto               ;
; Resource Aware Inference For Block RAM                           ; On                 ; On                 ;
+------------------------------------------------------------------+--------------------+--------------------+


+------------------------------------------+
; Parallel Compilation                     ;
+----------------------------+-------------+
; Processors                 ; Number      ;
+----------------------------+-------------+
; Number detected on machine ; 8           ;
; Maximum allowed            ; 4           ;
;                            ;             ;
; Average used               ; 1.00        ;
; Maximum used               ; 1           ;
;                            ;             ;
; Usage by Processor         ; % Time Used ;
;     Processor 1            ; 100.0%      ;
+----------------------------+-------------+


+------------------------------------------------------------------------------------------------------------------------------+
; Analysis & Synthesis Source Files Read                                                                                       ;
+----------------------------------+-----------------+------------------------+--------------------------------------+---------+
; File Name with User-Entered Path ; Used in Netlist ; File Type              ; File Name with Absolute Path         ; Library ;
+----------------------------------+-----------------+------------------------+--------------------------------------+---------+
; ../../mylib/to/spi2dac.v         ; yes             ; User Verilog HDL File  ; C:/E2_CAS/mylib/to/spi2dac.v         ;         ;
; ../../mylib/to/spi2adc.v         ; yes             ; User Verilog HDL File  ; C:/E2_CAS/mylib/to/spi2adc.v         ;         ;
; ../../mylib/to/hex_to_7seg.v     ; yes             ; User Verilog HDL File  ; C:/E2_CAS/mylib/to/hex_to_7seg.v     ;         ;
; ../../mylib/to/bin2bcd_16.v      ; yes             ; User Verilog HDL File  ; C:/E2_CAS/mylib/to/bin2bcd_16.v      ;         ;
; lab6task2.v                      ; yes             ; User Verilog HDL File  ; C:/E2_CAS/lab6/lab6task2/lab6task2.v ;         ;
; ../../mylib/counter/clktick_16.v ; yes             ; User Verilog HDL File  ; C:/E2_CAS/mylib/counter/clktick_16.v ;         ;
+----------------------------------+-----------------+------------------------+--------------------------------------+---------+


+-----------------------------------------------------------+
; Analysis & Synthesis Resource Usage Summary               ;
+---------------------------------------------+-------------+
; Resource                                    ; Usage       ;
+---------------------------------------------+-------------+
;                                             ;             ;
; Total combinational functions               ; 0           ;
; Logic element usage by number of LUT inputs ;             ;
;     -- 4 input functions                    ; 0           ;
;     -- 3 input functions                    ; 0           ;
;     -- <=2 input functions                  ; 0           ;
;                                             ;             ;
; Logic elements by mode                      ;             ;
;     -- normal mode                          ; 0           ;
;     -- arithmetic mode                      ; 0           ;
;                                             ;             ;
; Total registers                             ; 0           ;
;     -- Dedicated logic registers            ; 0           ;
;     -- I/O registers                        ; 0           ;
;                                             ;             ;
; I/O pins                                    ; 45          ;
;                                             ;             ;
; Embedded Multiplier 9-bit elements          ; 0           ;
;                                             ;             ;
; Maximum fan-out node                        ; MAX_CLK1_50 ;
; Maximum fan-out                             ; 1           ;
; Total fan-out                               ; 45          ;
; Average fan-out                             ; 0.50        ;
+---------------------------------------------+-------------+


+------------------------------------------------------------------------------------------------------------------------------------------------------------------------------------------------------------------------------------+
; Analysis & Synthesis Resource Utilization by Entity                                                                                                                                                                                ;
+----------------------------+---------------------+---------------------------+-------------+------------+--------------+---------+-----------+------+--------------+------------+---------------------+-------------+--------------+
; Compilation Hierarchy Node ; Combinational ALUTs ; Dedicated Logic Registers ; Memory Bits ; UFM Blocks ; DSP Elements ; DSP 9x9 ; DSP 18x18 ; Pins ; Virtual Pins ; ADC blocks ; Full Hierarchy Name ; Entity Name ; Library Name ;
+----------------------------+---------------------+---------------------------+-------------+------------+--------------+---------+-----------+------+--------------+------------+---------------------+-------------+--------------+
; |lab6task2                 ; 0 (0)               ; 0 (0)                     ; 0           ; 0          ; 0            ; 0       ; 0         ; 45   ; 0            ; 0          ; |lab6task2          ; lab6task2   ; work         ;
+----------------------------+---------------------+---------------------------+-------------+------------+--------------+---------+-----------+------+--------------+------------+---------------------+-------------+--------------+
Note: For table entries with two numbers listed, the numbers in parentheses indicate the number of resources of the given type used by the specific entity alone. The numbers listed outside of parentheses indicate the total resources of the given type used by the specific entity and all of its sub-entities in the hierarchy.


Encoding Type:  One-Hot
+------------------------------------------------------------------------------------------+
; State Machine - |lab6task2|spi2adc:SPI_ADC_INTERFACE|sr_state                            ;
+------------------------+---------------+------------------------+------------------------+
; Name                   ; sr_state.IDLE ; sr_state.WAIT_CSB_HIGH ; sr_state.WAIT_CSB_FALL ;
+------------------------+---------------+------------------------+------------------------+
; sr_state.IDLE          ; 0             ; 0                      ; 0                      ;
; sr_state.WAIT_CSB_FALL ; 1             ; 0                      ; 1                      ;
; sr_state.WAIT_CSB_HIGH ; 1             ; 1                      ; 0                      ;
+------------------------+---------------+------------------------+------------------------+


Encoding Type:  One-Hot
+------------------------------------------------------------------------------------------+
; State Machine - |lab6task2|spi2dac:spi0|sr_state                                         ;
+------------------------+---------------+------------------------+------------------------+
; Name                   ; sr_state.IDLE ; sr_state.WAIT_CSB_HIGH ; sr_state.WAIT_CSB_FALL ;
+------------------------+---------------+------------------------+------------------------+
; sr_state.IDLE          ; 0             ; 0                      ; 0                      ;
; sr_state.WAIT_CSB_FALL ; 1             ; 0                      ; 1                      ;
; sr_state.WAIT_CSB_HIGH ; 1             ; 1                      ; 0                      ;
+------------------------+---------------+------------------------+------------------------+


+-----------------------------------------------------------------------------------------+
; Registers Removed During Synthesis                                                      ;
+--------------------------------------------------+--------------------------------------+
; Register name                                    ; Reason for Removal                   ;
+--------------------------------------------------+--------------------------------------+
; spi2adc:SPI_ADC_INTERFACE|data_from_adc[5]       ; Stuck at GND due to stuck port clock ;
; spi2adc:SPI_ADC_INTERFACE|clk_1MHz               ; Stuck at GND due to stuck port clock ;
; spi2adc:SPI_ADC_INTERFACE|data_from_adc[3,4]     ; Stuck at GND due to stuck port clock ;
; spi2adc:SPI_ADC_INTERFACE|adc_start              ; Stuck at GND due to stuck port clock ;
; spi2adc:SPI_ADC_INTERFACE|data_from_adc[2]       ; Stuck at GND due to stuck port clock ;
; spi2adc:SPI_ADC_INTERFACE|state[0]               ; Stuck at GND due to stuck port clock ;
; spi2adc:SPI_ADC_INTERFACE|data_from_adc[0,1]     ; Stuck at GND due to stuck port clock ;
; spi2adc:SPI_ADC_INTERFACE|shift_reg[0]           ; Stuck at GND due to stuck port clock ;
; spi2adc:SPI_ADC_INTERFACE|data_from_adc[6..9]    ; Stuck at GND due to stuck port clock ;
; spi2adc:SPI_ADC_INTERFACE|shift_reg[1..11]       ; Lost fanout                          ;
; spi2adc:SPI_ADC_INTERFACE|shift_ena              ; Lost fanout                          ;
; spi2adc:SPI_ADC_INTERFACE|state[1..4]            ; Stuck at GND due to stuck port clock ;
; spi2adc:SPI_ADC_INTERFACE|adc_done               ; Lost fanout                          ;
; spi2adc:SPI_ADC_INTERFACE|adc_cs                 ; Stuck at VCC due to stuck port clock ;
; spi2adc:SPI_ADC_INTERFACE|tick                   ; Stuck at GND due to stuck port clock ;
; spi2adc:SPI_ADC_INTERFACE|ctr[0..4]              ; Stuck at GND due to stuck port clock ;
; spi2dac:spi0|clk_1MHz                            ; Stuck at GND due to stuck port clock ;
; spi2dac:spi0|shift_reg[10]                       ; Stuck at GND due to stuck port clock ;
; spi2dac:spi0|shift_reg[0..9]                     ; Lost fanout                          ;
; spi2dac:spi0|state[0]                            ; Stuck at GND due to stuck port clock ;
; spi2dac:spi0|shift_reg[15]                       ; Stuck at GND due to stuck port clock ;
; spi2dac:spi0|shift_reg[11..14]                   ; Lost fanout                          ;
; spi2dac:spi0|state[1..4]                         ; Stuck at GND due to stuck port clock ;
; spi2dac:spi0|ctr[0..4]                           ; Stuck at GND due to stuck port clock ;
; clktick_16:clktick|count[0..15]                  ; Stuck at GND due to stuck port clock ;
; clktick_16:clktick|tick                          ; Stuck at GND due to stuck port clock ;
; spi2adc:SPI_ADC_INTERFACE|sr_state.IDLE          ; Lost fanout                          ;
; spi2adc:SPI_ADC_INTERFACE|sr_state.WAIT_CSB_HIGH ; Lost fanout                          ;
; spi2dac:spi0|sr_state.IDLE                       ; Lost fanout                          ;
; spi2dac:spi0|sr_state.WAIT_CSB_HIGH              ; Lost fanout                          ;
; spi2adc:SPI_ADC_INTERFACE|sr_state.WAIT_CSB_FALL ; Stuck at GND due to stuck port clock ;
; spi2dac:spi0|sr_state.WAIT_CSB_FALL              ; Stuck at GND due to stuck port clock ;
; Total Number of Removed Registers = 88           ;                                      ;
+--------------------------------------------------+--------------------------------------+


+------------------------------------------------------------------------------------------------------------------------------------------------------------+
; Removed Registers Triggering Further Register Optimizations                                                                                                ;
+--------------------------------------------+-------------------------+-------------------------------------------------------------------------------------+
; Register name                              ; Reason for Removal      ; Registers Removed due to This Register                                              ;
+--------------------------------------------+-------------------------+-------------------------------------------------------------------------------------+
; spi2dac:spi0|clk_1MHz                      ; Stuck at GND            ; spi2dac:spi0|shift_reg[10], spi2dac:spi0|shift_reg[9], spi2dac:spi0|shift_reg[8],   ;
;                                            ; due to stuck port clock ; spi2dac:spi0|shift_reg[7], spi2dac:spi0|shift_reg[6], spi2dac:spi0|shift_reg[5],    ;
;                                            ;                         ; spi2dac:spi0|shift_reg[4], spi2dac:spi0|shift_reg[3], spi2dac:spi0|shift_reg[2],    ;
;                                            ;                         ; spi2dac:spi0|shift_reg[1], spi2dac:spi0|shift_reg[0], spi2dac:spi0|state[0],        ;
;                                            ;                         ; spi2dac:spi0|shift_reg[15], spi2dac:spi0|shift_reg[14], spi2dac:spi0|shift_reg[13], ;
;                                            ;                         ; spi2dac:spi0|shift_reg[12], spi2dac:spi0|shift_reg[11], spi2dac:spi0|state[1],      ;
;                                            ;                         ; spi2dac:spi0|state[2], spi2dac:spi0|state[3], spi2dac:spi0|state[4]                 ;
; spi2adc:SPI_ADC_INTERFACE|data_from_adc[0] ; Stuck at GND            ; spi2adc:SPI_ADC_INTERFACE|shift_reg[2], spi2adc:SPI_ADC_INTERFACE|shift_reg[1]      ;
;                                            ; due to stuck port clock ;                                                                                     ;
; spi2adc:SPI_ADC_INTERFACE|data_from_adc[9] ; Stuck at GND            ; spi2adc:SPI_ADC_INTERFACE|shift_reg[11], spi2adc:SPI_ADC_INTERFACE|shift_ena        ;
;                                            ; due to stuck port clock ;                                                                                     ;
; spi2adc:SPI_ADC_INTERFACE|data_from_adc[5] ; Stuck at GND            ; spi2adc:SPI_ADC_INTERFACE|shift_reg[7]                                              ;
;                                            ; due to stuck port clock ;                                                                                     ;
; spi2adc:SPI_ADC_INTERFACE|clk_1MHz         ; Stuck at GND            ; spi2adc:SPI_ADC_INTERFACE|tick                                                      ;
;                                            ; due to stuck port clock ;                                                                                     ;
; spi2adc:SPI_ADC_INTERFACE|data_from_adc[4] ; Stuck at GND            ; spi2adc:SPI_ADC_INTERFACE|shift_reg[6]                                              ;
;                                            ; due to stuck port clock ;                                                                                     ;
; spi2adc:SPI_ADC_INTERFACE|data_from_adc[3] ; Stuck at GND            ; spi2adc:SPI_ADC_INTERFACE|shift_reg[5]                                              ;
;                                            ; due to stuck port clock ;                                                                                     ;
; spi2adc:SPI_ADC_INTERFACE|adc_start        ; Stuck at GND            ; spi2adc:SPI_ADC_INTERFACE|state[0]                                                  ;
;                                            ; due to stuck port clock ;                                                                                     ;
; spi2adc:SPI_ADC_INTERFACE|data_from_adc[2] ; Stuck at GND            ; spi2adc:SPI_ADC_INTERFACE|shift_reg[4]                                              ;
;                                            ; due to stuck port clock ;                                                                                     ;
; spi2adc:SPI_ADC_INTERFACE|data_from_adc[1] ; Stuck at GND            ; spi2adc:SPI_ADC_INTERFACE|shift_reg[3]                                              ;
;                                            ; due to stuck port clock ;                                                                                     ;
; spi2adc:SPI_ADC_INTERFACE|data_from_adc[6] ; Stuck at GND            ; spi2adc:SPI_ADC_INTERFACE|shift_reg[8]                                              ;
;                                            ; due to stuck port clock ;                                                                                     ;
; spi2adc:SPI_ADC_INTERFACE|data_from_adc[7] ; Stuck at GND            ; spi2adc:SPI_ADC_INTERFACE|shift_reg[9]                                              ;
;                                            ; due to stuck port clock ;                                                                                     ;
; spi2adc:SPI_ADC_INTERFACE|data_from_adc[8] ; Stuck at GND            ; spi2adc:SPI_ADC_INTERFACE|shift_reg[10]                                             ;
;                                            ; due to stuck port clock ;                                                                                     ;
+--------------------------------------------+-------------------------+-------------------------------------------------------------------------------------+


+------------------------------------------------------+
; General Register Statistics                          ;
+----------------------------------------------+-------+
; Statistic                                    ; Value ;
+----------------------------------------------+-------+
; Total registers                              ; 0     ;
; Number of registers using Synchronous Clear  ; 0     ;
; Number of registers using Synchronous Load   ; 0     ;
; Number of registers using Asynchronous Clear ; 0     ;
; Number of registers using Asynchronous Load  ; 0     ;
; Number of registers using Clock Enable       ; 0     ;
; Number of registers using Preset             ; 0     ;
+----------------------------------------------+-------+


+-----------------------------------------------------------+
; Parameter Settings for User Entity Instance: spi2dac:spi0 ;
+----------------+-------+----------------------------------+
; Parameter Name ; Value ; Type                             ;
+----------------+-------+----------------------------------+
; BUF            ; 1     ; Unsigned Binary                  ;
; GA_N           ; 1     ; Unsigned Binary                  ;
; SHDN_N         ; 1     ; Unsigned Binary                  ;
; TC             ; 11000 ; Unsigned Binary                  ;
; IDLE           ; 00    ; Unsigned Binary                  ;
; WAIT_CSB_FALL  ; 01    ; Unsigned Binary                  ;
; WAIT_CSB_HIGH  ; 10    ; Unsigned Binary                  ;
+----------------+-------+----------------------------------+
Note: In order to hide this table in the UI and the text report file, please set the "Show Parameter Settings in Synthesis Report" option in "Analysis and Synthesis Settings -> More Settings" to "Off".


+------------------------------------------------------------------------+
; Parameter Settings for User Entity Instance: spi2adc:SPI_ADC_INTERFACE ;
+----------------+-------+-----------------------------------------------+
; Parameter Name ; Value ; Type                                          ;
+----------------+-------+-----------------------------------------------+
; TERMINAL_CNT   ; 11000 ; Unsigned Binary                               ;
; IDLE           ; 00    ; Unsigned Binary                               ;
; WAIT_CSB_FALL  ; 01    ; Unsigned Binary                               ;
; WAIT_CSB_HIGH  ; 10    ; Unsigned Binary                               ;
+----------------+-------+-----------------------------------------------+
Note: In order to hide this table in the UI and the text report file, please set the "Show Parameter Settings in Synthesis Report" option in "Analysis and Synthesis Settings -> More Settings" to "Off".


+----------------------------------------------------------------------------------------------------------------------------------------------------------------------+
; Port Connectivity Checks: "hex_to_7seg:DISP3"                                                                                                                        ;
+------+-------+----------+--------------------------------------------------------------------------------------------------------------------------------------------+
; Port ; Type  ; Severity ; Details                                                                                                                                    ;
+------+-------+----------+--------------------------------------------------------------------------------------------------------------------------------------------+
; in   ; Input ; Warning  ; Input port expression (1 bits) is smaller than the input port (4 bits) it drives.  Extra input bit(s) "in[3..1]" will be connected to GND. ;
+------+-------+----------+--------------------------------------------------------------------------------------------------------------------------------------------+


+----------------------------------------------------------------------------------------------------------------------------------------------------------------------+
; Port Connectivity Checks: "hex_to_7seg:DISP2"                                                                                                                        ;
+------+-------+----------+--------------------------------------------------------------------------------------------------------------------------------------------+
; Port ; Type  ; Severity ; Details                                                                                                                                    ;
+------+-------+----------+--------------------------------------------------------------------------------------------------------------------------------------------+
; in   ; Input ; Warning  ; Input port expression (1 bits) is smaller than the input port (4 bits) it drives.  Extra input bit(s) "in[3..1]" will be connected to GND. ;
+------+-------+----------+--------------------------------------------------------------------------------------------------------------------------------------------+


+----------------------------------------------------------------------------------------------------------------------------------------------------------------------+
; Port Connectivity Checks: "hex_to_7seg:DISP1"                                                                                                                        ;
+------+-------+----------+--------------------------------------------------------------------------------------------------------------------------------------------+
; Port ; Type  ; Severity ; Details                                                                                                                                    ;
+------+-------+----------+--------------------------------------------------------------------------------------------------------------------------------------------+
; in   ; Input ; Warning  ; Input port expression (1 bits) is smaller than the input port (4 bits) it drives.  Extra input bit(s) "in[3..1]" will be connected to GND. ;
+------+-------+----------+--------------------------------------------------------------------------------------------------------------------------------------------+


+----------------------------------------------------------------------------------------------------------------------------------------------------------------------+
; Port Connectivity Checks: "hex_to_7seg:DISP0"                                                                                                                        ;
+------+-------+----------+--------------------------------------------------------------------------------------------------------------------------------------------+
; Port ; Type  ; Severity ; Details                                                                                                                                    ;
+------+-------+----------+--------------------------------------------------------------------------------------------------------------------------------------------+
; in   ; Input ; Warning  ; Input port expression (1 bits) is smaller than the input port (4 bits) it drives.  Extra input bit(s) "in[3..1]" will be connected to GND. ;
+------+-------+----------+--------------------------------------------------------------------------------------------------------------------------------------------+


+----------------------------------------------------------------------------------------------------------------------------------------------------+
; Port Connectivity Checks: "bin2bcd_16:BCD_CONVERTER"                                                                                               ;
+------+--------+----------+-------------------------------------------------------------------------------------------------------------------------+
; Port ; Type   ; Severity ; Details                                                                                                                 ;
+------+--------+----------+-------------------------------------------------------------------------------------------------------------------------+
; BCD0 ; Output ; Warning  ; Output or bidir port (4 bits) is wider than the port expression (1 bits) it drives; bit(s) "BCD0[3..1]" have no fanouts ;
; BCD0 ; Output ; Info     ; Connected to dangling logic. Logic that only feeds a dangling port will be removed.                                     ;
; BCD1 ; Output ; Warning  ; Output or bidir port (4 bits) is wider than the port expression (1 bits) it drives; bit(s) "BCD1[3..1]" have no fanouts ;
; BCD2 ; Output ; Warning  ; Output or bidir port (4 bits) is wider than the port expression (1 bits) it drives; bit(s) "BCD2[3..1]" have no fanouts ;
; BCD3 ; Output ; Warning  ; Output or bidir port (4 bits) is wider than the port expression (1 bits) it drives; bit(s) "BCD3[3..1]" have no fanouts ;
; BCD4 ; Output ; Warning  ; Output or bidir port (4 bits) is wider than the port expression (1 bits) it drives; bit(s) "BCD4[3..1]" have no fanouts ;
+------+--------+----------+-------------------------------------------------------------------------------------------------------------------------+


+----------------------------------------------------------------------------------------------------------------------+
; Port Connectivity Checks: "spi2adc:SPI_ADC_INTERFACE"                                                                ;
+------------+--------+----------+-------------------------------------------------------------------------------------+
; Port       ; Type   ; Severity ; Details                                                                             ;
+------------+--------+----------+-------------------------------------------------------------------------------------+
; data_valid ; Output ; Info     ; Connected to dangling logic. Logic that only feeds a dangling port will be removed. ;
+------------+--------+----------+-------------------------------------------------------------------------------------+


+------------------------------------------------+
; Port Connectivity Checks: "clktick_16:clktick" ;
+-----------+-------+----------+-----------------+
; Port      ; Type  ; Severity ; Details         ;
+-----------+-------+----------+-----------------+
; enable    ; Input ; Info     ; Stuck at VCC    ;
; N[9..5]   ; Input ; Info     ; Stuck at VCC    ;
; N[15..10] ; Input ; Info     ; Stuck at GND    ;
; N[2..0]   ; Input ; Info     ; Stuck at GND    ;
; N[4]      ; Input ; Info     ; Stuck at GND    ;
; N[3]      ; Input ; Info     ; Stuck at VCC    ;
+-----------+-------+----------+-----------------+


+-----------------------------------------------------+
; Post-Synthesis Netlist Statistics for Top Partition ;
+-----------------------+-----------------------------+
; Type                  ; Count                       ;
+-----------------------+-----------------------------+
; boundary_port         ; 45                          ;
; cycloneiii_lcell_comb ; 2                           ;
;     normal            ; 2                           ;
;         0 data inputs ; 2                           ;
;                       ;                             ;
; Max LUT depth         ; 0.00                        ;
; Average LUT depth     ; 0.00                        ;
+-----------------------+-----------------------------+


+-------------------------------+
; Elapsed Time Per Partition    ;
+----------------+--------------+
; Partition Name ; Elapsed Time ;
+----------------+--------------+
; Top            ; 00:00:00     ;
+----------------+--------------+


+-------------------------------+
; Analysis & Synthesis Messages ;
+-------------------------------+
Info: *******************************************************************
Info: Running Quartus Prime Analysis & Synthesis
    Info: Version 18.0.0 Build 614 04/24/2018 SJ Lite Edition
    Info: Processing started: Wed Dec 08 14:11:40 2021
Info: Command: quartus_map --read_settings_files=on --write_settings_files=off lab6task2 -c lab6task2
Warning (18236): Number of processors has not been specified which may cause overloading on shared machines.  Set the global assignment NUM_PARALLEL_PROCESSORS in your QSF to an appropriate value for best performance.
Info (20030): Parallel compilation is enabled and will use 4 of the 4 processors detected
Info (12021): Found 1 design units, including 1 entities, in source file /e2_cas/mylib/to/spi2dac.v
    Info (12023): Found entity 1: spi2dac File: C:/E2_CAS/mylib/to/spi2dac.v Line: 9
Info (12021): Found 1 design units, including 1 entities, in source file /e2_cas/mylib/to/spi2adc.v
    Info (12023): Found entity 1: spi2adc File: C:/E2_CAS/mylib/to/spi2adc.v Line: 9
Info (12021): Found 1 design units, including 1 entities, in source file /e2_cas/mylib/to/hex_to_7seg.v
    Info (12023): Found entity 1: hex_to_7seg File: C:/E2_CAS/mylib/to/hex_to_7seg.v Line: 1
Info (12021): Found 1 design units, including 1 entities, in source file /e2_cas/mylib/to/bin2bcd_16.v
    Info (12023): Found entity 1: bin2bcd_16 File: C:/E2_CAS/mylib/to/bin2bcd_16.v Line: 14
Info (12021): Found 1 design units, including 1 entities, in source file lab6task2.v
    Info (12023): Found entity 1: lab6task2 File: C:/E2_CAS/lab6/lab6task2/lab6task2.v Line: 1
Info (12021): Found 1 design units, including 1 entities, in source file /e2_cas/mylib/counter/clktick_16.v
    Info (12023): Found entity 1: clktick_16 File: C:/E2_CAS/mylib/counter/clktick_16.v Line: 5
Warning (10236): Verilog HDL Implicit Net warning at lab6task2.v(26): created implicit net for "MAX10_CLK1_50" File: C:/E2_CAS/lab6/lab6task2/lab6task2.v Line: 26
Warning (10236): Verilog HDL Implicit Net warning at lab6task2.v(46): created implicit net for "bcd0" File: C:/E2_CAS/lab6/lab6task2/lab6task2.v Line: 46
Warning (10236): Verilog HDL Implicit Net warning at lab6task2.v(46): created implicit net for "bcd1" File: C:/E2_CAS/lab6/lab6task2/lab6task2.v Line: 46
Warning (10236): Verilog HDL Implicit Net warning at lab6task2.v(46): created implicit net for "bcd2" File: C:/E2_CAS/lab6/lab6task2/lab6task2.v Line: 46
Warning (10236): Verilog HDL Implicit Net warning at lab6task2.v(46): created implicit net for "bcd3" File: C:/E2_CAS/lab6/lab6task2/lab6task2.v Line: 46
Warning (10236): Verilog HDL Implicit Net warning at lab6task2.v(46): created implicit net for "bcd4" File: C:/E2_CAS/lab6/lab6task2/lab6task2.v Line: 46
Info (12127): Elaborating entity "lab6task2" for the top level hierarchy
Info (12128): Elaborating entity "clktick_16" for hierarchy "clktick_16:clktick" File: C:/E2_CAS/lab6/lab6task2/lab6task2.v Line: 26
Info (12128): Elaborating entity "spi2dac" for hierarchy "spi2dac:spi0" File: C:/E2_CAS/lab6/lab6task2/lab6task2.v Line: 33
Info (12128): Elaborating entity "spi2adc" for hierarchy "spi2adc:SPI_ADC_INTERFACE" File: C:/E2_CAS/lab6/lab6task2/lab6task2.v Line: 42
Warning (10230): Verilog HDL assignment warning at spi2adc.v(131): truncated value with size 12 to match size of target (10) File: C:/E2_CAS/mylib/to/spi2adc.v Line: 131
Info (12128): Elaborating entity "bin2bcd_16" for hierarchy "bin2bcd_16:BCD_CONVERTER" File: C:/E2_CAS/lab6/lab6task2/lab6task2.v Line: 46
Info (12128): Elaborating entity "hex_to_7seg" for hierarchy "hex_to_7seg:DISP0" File: C:/E2_CAS/lab6/lab6task2/lab6task2.v Line: 47
Warning (12011): Net is missing source, defaulting to GND
    Warning (12110): Net "MAX10_CLK1_50" is missing source, defaulting to GND File: C:/E2_CAS/lab6/lab6task2/lab6task2.v Line: 26
Warning (12241): 5 hierarchies have connectivity warnings - see the Connectivity Checks report folder
Warning (13024): Output pins are stuck at VCC or GND
    Warning (13410): Pin "DAC_SDI" is stuck at GND File: C:/E2_CAS/lab6/lab6task2/lab6task2.v Line: 14
    Warning (13410): Pin "DAC_CS" is stuck at VCC File: C:/E2_CAS/lab6/lab6task2/lab6task2.v Line: 14
    Warning (13410): Pin "DAC_SCK" is stuck at GND File: C:/E2_CAS/lab6/lab6task2/lab6task2.v Line: 14
    Warning (13410): Pin "ADC_CS" is stuck at VCC File: C:/E2_CAS/lab6/lab6task2/lab6task2.v Line: 15
    Warning (13410): Pin "ADC_CLK" is stuck at GND File: C:/E2_CAS/lab6/lab6task2/lab6task2.v Line: 15
    Warning (13410): Pin "HEX0[0]" is stuck at GND File: C:/E2_CAS/lab6/lab6task2/lab6task2.v Line: 21
    Warning (13410): Pin "HEX0[1]" is stuck at GND File: C:/E2_CAS/lab6/lab6task2/lab6task2.v Line: 21
    Warning (13410): Pin "HEX0[2]" is stuck at GND File: C:/E2_CAS/lab6/lab6task2/lab6task2.v Line: 21
    Warning (13410): Pin "HEX0[3]" is stuck at GND File: C:/E2_CAS/lab6/lab6task2/lab6task2.v Line: 21
    Warning (13410): Pin "HEX0[4]" is stuck at GND File: C:/E2_CAS/lab6/lab6task2/lab6task2.v Line: 21
    Warning (13410): Pin "HEX0[5]" is stuck at GND File: C:/E2_CAS/lab6/lab6task2/lab6task2.v Line: 21
    Warning (13410): Pin "HEX0[6]" is stuck at VCC File: C:/E2_CAS/lab6/lab6task2/lab6task2.v Line: 21
    Warning (13410): Pin "HEX1[0]" is stuck at GND File: C:/E2_CAS/lab6/lab6task2/lab6task2.v Line: 21
    Warning (13410): Pin "HEX1[1]" is stuck at GND File: C:/E2_CAS/lab6/lab6task2/lab6task2.v Line: 21
    Warning (13410): Pin "HEX1[2]" is stuck at GND File: C:/E2_CAS/lab6/lab6task2/lab6task2.v Line: 21
    Warning (13410): Pin "HEX1[3]" is stuck at GND File: C:/E2_CAS/lab6/lab6task2/lab6task2.v Line: 21
    Warning (13410): Pin "HEX1[4]" is stuck at GND File: C:/E2_CAS/lab6/lab6task2/lab6task2.v Line: 21
    Warning (13410): Pin "HEX1[5]" is stuck at GND File: C:/E2_CAS/lab6/lab6task2/lab6task2.v Line: 21
    Warning (13410): Pin "HEX1[6]" is stuck at VCC File: C:/E2_CAS/lab6/lab6task2/lab6task2.v Line: 21
    Warning (13410): Pin "HEX2[0]" is stuck at GND File: C:/E2_CAS/lab6/lab6task2/lab6task2.v Line: 21
    Warning (13410): Pin "HEX2[1]" is stuck at GND File: C:/E2_CAS/lab6/lab6task2/lab6task2.v Line: 21
    Warning (13410): Pin "HEX2[2]" is stuck at GND File: C:/E2_CAS/lab6/lab6task2/lab6task2.v Line: 21
    Warning (13410): Pin "HEX2[3]" is stuck at GND File: C:/E2_CAS/lab6/lab6task2/lab6task2.v Line: 21
    Warning (13410): Pin "HEX2[4]" is stuck at GND File: C:/E2_CAS/lab6/lab6task2/lab6task2.v Line: 21
    Warning (13410): Pin "HEX2[5]" is stuck at GND File: C:/E2_CAS/lab6/lab6task2/lab6task2.v Line: 21
    Warning (13410): Pin "HEX2[6]" is stuck at VCC File: C:/E2_CAS/lab6/lab6task2/lab6task2.v Line: 21
    Warning (13410): Pin "HEX3[0]" is stuck at GND File: C:/E2_CAS/lab6/lab6task2/lab6task2.v Line: 21
    Warning (13410): Pin "HEX3[1]" is stuck at GND File: C:/E2_CAS/lab6/lab6task2/lab6task2.v Line: 21
    Warning (13410): Pin "HEX3[2]" is stuck at GND File: C:/E2_CAS/lab6/lab6task2/lab6task2.v Line: 21
    Warning (13410): Pin "HEX3[3]" is stuck at GND File: C:/E2_CAS/lab6/lab6task2/lab6task2.v Line: 21
    Warning (13410): Pin "HEX3[4]" is stuck at GND File: C:/E2_CAS/lab6/lab6task2/lab6task2.v Line: 21
    Warning (13410): Pin "HEX3[5]" is stuck at GND File: C:/E2_CAS/lab6/lab6task2/lab6task2.v Line: 21
    Warning (13410): Pin "HEX3[6]" is stuck at VCC File: C:/E2_CAS/lab6/lab6task2/lab6task2.v Line: 21
Info (17049): 31 registers lost all their fanouts during netlist optimizations.
Info (16010): Generating hard_block partition "hard_block:auto_generated_inst"
    Info (16011): Adding 0 node(s), including 0 DDIO, 0 PLL, 0 transceiver and 0 LCELL
Warning (21074): Design contains 12 input pin(s) that do not drive logic
    Warning (15610): No output dependent on input pin "MAX_CLK1_50" File: C:/E2_CAS/lab6/lab6task2/lab6task2.v Line: 12
    Warning (15610): No output dependent on input pin "SW[0]" File: C:/E2_CAS/lab6/lab6task2/lab6task2.v Line: 13
    Warning (15610): No output dependent on input pin "SW[1]" File: C:/E2_CAS/lab6/lab6task2/lab6task2.v Line: 13
    Warning (15610): No output dependent on input pin "SW[2]" File: C:/E2_CAS/lab6/lab6task2/lab6task2.v Line: 13
    Warning (15610): No output dependent on input pin "SW[3]" File: C:/E2_CAS/lab6/lab6task2/lab6task2.v Line: 13
    Warning (15610): No output dependent on input pin "SW[4]" File: C:/E2_CAS/lab6/lab6task2/lab6task2.v Line: 13
    Warning (15610): No output dependent on input pin "SW[5]" File: C:/E2_CAS/lab6/lab6task2/lab6task2.v Line: 13
    Warning (15610): No output dependent on input pin "SW[6]" File: C:/E2_CAS/lab6/lab6task2/lab6task2.v Line: 13
    Warning (15610): No output dependent on input pin "SW[7]" File: C:/E2_CAS/lab6/lab6task2/lab6task2.v Line: 13
    Warning (15610): No output dependent on input pin "SW[8]" File: C:/E2_CAS/lab6/lab6task2/lab6task2.v Line: 13
    Warning (15610): No output dependent on input pin "SW[9]" File: C:/E2_CAS/lab6/lab6task2/lab6task2.v Line: 13
    Warning (15610): No output dependent on input pin "ADC_DOUT" File: C:/E2_CAS/lab6/lab6task2/lab6task2.v Line: 16
Info (21057): Implemented 45 device resources after synthesis - the final resource count might be different
    Info (21058): Implemented 12 input pins
    Info (21059): Implemented 33 output pins
Info: Quartus Prime Analysis & Synthesis was successful. 0 errors, 58 warnings
    Info: Peak virtual memory: 4734 megabytes
    Info: Processing ended: Wed Dec 08 14:11:55 2021
    Info: Elapsed time: 00:00:15
    Info: Total CPU time (on all processors): 00:00:33


